
**************************************************************
 Geant4 version Name: geant4-11-02-patch-01 [MT]   (16-February-2024)
                       Copyright : Geant4 Collaboration
                      References : NIM A 506 (2003), 250-303
                                 : IEEE-TNS 53 (2006), 270-278
                                 : NIM A 835 (2016), 186-225
                             WWW : http://geant4.org/
**************************************************************

<<< Geant4 Physics List simulation engine: Shielding
<<< (Note that Shielding and Shielding_HP are equivalent!)
G4GDML: Writing 'geometry_output.gdml'...
G4GDML: Writing definitions...
G4GDML: Writing materials...
G4GDML: Writing solids...
G4GDML: Writing structure...
G4GDML: Writing setup...
G4GDML: Writing surfaces...
G4GDML: Writing 'geometry_output.gdml' done !

 hInelastic Shielding : threshold between BERT and FTFP is over the interval 
 for pions :   3 to 6 GeV
 for kaons :   3 to 6 GeV
 for proton :  3 to 6 GeV
 for neutron : 3 to 6 GeV

@@@ G4ParticleHPInelasticData instantiated for particle neutron data directory variable is G4NEUTRONHPDATA pointing to /Users/ukose/sw/kits/geant4-v11.2.1-install_macfix/share/Geant4/data/G4NDL4.7
Visualization Manager instantiating with verbosity "warnings (3)"...
Visualization Manager initialising...
Registering graphics systems...

You have successfully registered the following graphics systems.
Registered graphics systems are:
  ASCIITree (ATree)
  DAWNFILE (DAWNFILE)
  G4HepRepFile (HepRepFile)
  RayTracer (RayTracer)
  VRML2FILE (VRML2FILE)
  gMocrenFile (gMocrenFile)
  TOOLSSG_OFFSCREEN (TSG_OFFSCREEN)
  TOOLSSG_OFFSCREEN (TSG_OFFSCREEN, TSG_FILE)
  OpenGLImmediateQt (OGLIQt, OGLI)
  OpenGLStoredQt (OGLSQt, OGL, OGLS)
  RayTracerX (RayTracerX)
  Qt3D (Qt3D)
  TOOLSSG_QT_GLES (TSG_QT_GLES, TSGQt, TSG)
  TOOLSSG_QT_ZB (TSG_QT_ZB, TSGQtZB)
Default graphics system is: TSG_OFFSCREEN (based on batch session).
Default window size hint is: 600x600-0+0 (based on G4VisManager initialisation).
Note: Parameters specified on the command line will override these defaults.
      Use "vis/open" without parameters to get these defaults.

Registering model factories...

You have successfully registered the following model factories.
Registered model factories:
  generic
  drawByAttribute
  drawByCharge
  drawByOriginVolume
  drawByParticleID
  drawByEncounteredVolume

Registered models:
  None

Registered filter factories:
  attributeFilter
  chargeFilter
  originVolumeFilter
  particleFilter
  encounteredVolumeFilter

Registered filters:
  None

You have successfully registered the following user vis actions.
Run Duration User Vis Actions: none
End of Event User Vis Actions: none
End of Run User Vis Actions: none

Some /vis commands (optionally) take a string to specify colour.
"/vis/list" to see available colours.
Visualization verbosity changed to startup (1)
parameter value (DAWNSH) is not listed in the candidate List.
  Candidates are: ASCIITree ATree DAWNFILE G4HepRepFile HepRepFile RayTracer VRML2FILE gMocrenFile TOOLSSG_OFFSCREEN TSG_OFFSCREEN TOOLSSG_OFFSCREEN TSG_OFFSCREEN TSG_FILE OpenGLImmediateQt OGLIQt OGLI OpenGLStoredQt OGLSQt OGL OGLS RayTracerX Qt3D TOOLSSG_QT_GLES TSG_QT_GLES TSGQt TSG TOOLSSG_QT_ZB TSG_QT_ZB TSGQtZB
***** Illegal parameter (0) </vis/sceneHandler/create DAWNSH> *****

***** Batch is interrupted!! *****

-------- WWWW ------- G4Exception-START -------- WWWW -------
*** G4Exception : UIMAN0123
      issued by : G4UImanager::ApplyCommand
Command aborted (500)
Error code : 500
*** This is just a warning message. ***
-------- WWWW -------- G4Exception-END --------- WWWW -------

Graphics systems deleted.
Visualization Manager deleting...
